Log started at 16.01.2021	12:39:35
Number of used processors (NPROC): 8.
Number of mesh partitions (NPART): 8.
Total Physical Memory = 15.89 Gb, Available Physical Memory = 6.81 Gb
Computer name:	DESKTOP-9BAP4BE
Operating system:	Windows 10 (or higher) (Version 10.0.18363)

SOLIDWORKS 2019 SP2.0
Flow Simulation 2019  x64 / 4471 / MESHER ver. efd_18_0.4396_11.10.2018 

Project: C:\Users\zarec\Documents\haggisAero-2020\CAD\Wing\1\1.xmlconfig
NGK: OFF

Mesh generation started:	16.1.2021	12:39:35
-----------------------------------------------------------------------
Mesher option run = eRunMesherNormal
-----------------------------------------------------------------------
Current CPU = 0 sec
-----------------------------------------------------------------------
Geometries initialization:
-----------------------------------------------------------------------
Loading mesh settings (global/local)...
-----------------------------------------------------------------------
Number of geometries: 1
Geometry(0):
	Guid = {00000000-0000-0000-0000-000000000000}
	Fluid..
	1 Body.
	1 Real body.
	Tolerance=1.29953e-05.
	3 Face(s).
		3 of b-spline type.
	744 Triangle(s).
	0 Face(s) that have no ref faces
	2 Plane surface(s).
	1 Extrude surface(s).
	2 Edge(s).
		2 of b-spline type.
	Geometry reading: 0.004 s.
	3 Reference Face(s).
	744 Reference Triangles.
	GeometryRef reading: 0.001 s.
Last Geometry:
	Solid.
	Making hash and connectivity for geometry 0...
		CBodyGeom:
		Hash size: {78, 32, 252}.
		Mesh size: {78, 32, 252}.
		Hashing triangles...Ok.
			axis(0) tr sizes: average=14 max=205
			axis(1) tr sizes: average=7 max=68
			axis(2) tr sizes: average=6 max=90
		Making triangles connectivity...Ok. (0.004 s).
		Neighbour triangles: 100.00 % (good connect:744) - 0.00 % (bad connect:0). Min: 3. Max: 3.
		Done.
		Number of t-connected sets:1
			(0) size=744
		Done.
		CBodyGeomRef:
		Hashing triangles...Ok.
			axis(0) tr sizes: average=14 max=204
			axis(1) tr sizes: average=6 max=68
			axis(2) tr sizes: average=5 max=90
		Making triangles connectivity...Ok. (0.001 s).
		Neighbour triangles: Min: 1. Max: 2.
		Done.
		Done.
	0.052 s.
Geometries reading and preparing has taken 0.060 s.

Mapped triangles:
Hashing geometries triangles
	Triangles num=744
	Triangles box={3.11273e-06  ,0.22  ,-0.00473559  ,0.0211964  ,1.11022e-15  ,1.2  }
		3d-hash size is 2963744 bytes
		Making triangles connectivity...Ok. (0.002 s).
		Neighbour triangles: 100.00 % (good connect:744) - 0.00 % (bad connect:0). Min: 3. Max: 3.
Hashing peculiar surfaces triangles
Mapped triangles processed in 0.091 s.
-----------------------------------------------------------------------
Getting sectors:
Number of sectors: 0
-----------------------------------------------------------------------
-----------------------------------------------------------------------

Current CPU = 1 sec

-----------------------------------------------------------------------
Mesh dimensions:
				I[0 ]=78
				I[1 ]=32
				I[2 ]=252

Comp. domain size:
				a[0  ]=-0.129966
				a[1  ]=0.298371
				a[2  ]=-0.0827304
				a[3  ]=0.099204
				a[4  ]=-0.0779719
				a[5  ]=1.27797

Fluid calculated			1
Solid calculated			0
-----------------------------------------------------------------------
Mesh LEVEL = 1
-----------------------------------------------------------------------
-----------------------------------------------------------------------
MESH: distribute base bricks among sub-meshes...
	Base bricks count               628992
	Sub-meshes  count               8
	Base bricks count per sub-mesh  78624 (+0)
	Sub-mesh 0: 78624 base brick(s), range [0, 77]-[0, 31]-[0, 31]
	Sub-mesh 1: 78624 base brick(s), range [0, 77]-[0, 31]-[31, 62]
	Sub-mesh 2: 78624 base brick(s), range [0, 77]-[0, 31]-[63, 94]
	Sub-mesh 3: 78624 base brick(s), range [0, 77]-[0, 31]-[94, 125]
	Sub-mesh 4: 78624 base brick(s), range [0, 77]-[0, 31]-[126, 157]
	Sub-mesh 5: 78624 base brick(s), range [0, 77]-[0, 31]-[157, 188]
	Sub-mesh 6: 78624 base brick(s), range [0, 77]-[0, 31]-[189, 220]
	Sub-mesh 7: 78624 base brick(s), range [0, 77]-[0, 31]-[220, 251]
-----------------------------------------------------------------------
-----------------------------------------------------------------------
MESH: collecting ghosts in sub-meshes...
	Sub-mesh 0:
		Total  brick(s) 81120
		Native brick(s) 78624
		Inner  brick(s) 76128
		Outer  brick(s) 2496
		Ghost  brick(s) 2496
	Sub-mesh 1:
		Total  brick(s) 83616
		Native brick(s) 78624
		Inner  brick(s) 73632
		Outer  brick(s) 4992
		Ghost  brick(s) 4992
	Sub-mesh 2:
		Total  brick(s) 83616
		Native brick(s) 78624
		Inner  brick(s) 73632
		Outer  brick(s) 4992
		Ghost  brick(s) 4992
	Sub-mesh 3:
		Total  brick(s) 83616
		Native brick(s) 78624
		Inner  brick(s) 73632
		Outer  brick(s) 4992
		Ghost  brick(s) 4992
	Sub-mesh 4:
		Total  brick(s) 83616
		Native brick(s) 78624
		Inner  brick(s) 73632
		Outer  brick(s) 4992
		Ghost  brick(s) 4992
	Sub-mesh 5:
		Total  brick(s) 83616
		Native brick(s) 78624
		Inner  brick(s) 73632
		Outer  brick(s) 4992
		Ghost  brick(s) 4992
	Sub-mesh 6:
		Total  brick(s) 83616
		Native brick(s) 78624
		Inner  brick(s) 73632
		Outer  brick(s) 4992
		Ghost  brick(s) 4992
	Sub-mesh 7:
		Total  brick(s) 81120
		Native brick(s) 78624
		Inner  brick(s) 76128
		Outer  brick(s) 2496
		Ghost  brick(s) 2496
	Total brick(s) 628992
-----------------------------------------------------------------------
Setting regions...OK (0.075 s)
Base mesh info------------------
	2D flag  =0
	Period   =[0, 0, 0]
	Nx=78
		x[0]=-0.129966
		x[1]=-0.121652
		x[2]=-0.113724
		x[3]=-0.106161
		x[4]=-0.0989464
		x[5]=-0.092064
		x[6]=-0.0854988
		x[7]=-0.079236
		x[8]=-0.0732617
		x[9]=-0.0675627
		x[10]=-0.0621261
		x[11]=-0.0569401
		x[12]=-0.0519929
		x[13]=-0.0469245
		x[14]=-0.0418562
		x[15]=-0.0367878
		x[16]=-0.0317194
		x[17]=-0.0266511
		x[18]=-0.0215827
		x[19]=-0.0165144
		x[20]=-0.011446
		x[21]=-0.00637765
		x[22]=-0.00130929
		x[23]=0.00375907
		x[24]=0.00882743
		x[25]=0.0138958
		x[26]=0.0189642
		x[27]=0.0240325
		x[28]=0.0291009
		x[29]=0.0341692
		x[30]=0.0392376
		x[31]=0.044306
		x[32]=0.0493743
		x[33]=0.0544427
		x[34]=0.059511
		x[35]=0.0645794
		x[36]=0.0696478
		x[37]=0.0747161
		x[38]=0.0797845
		x[39]=0.0848528
		x[40]=0.0899212
		x[41]=0.0949896
		x[42]=0.100058
		x[43]=0.105126
		x[44]=0.110195
		x[45]=0.115212
		x[46]=0.12023
		x[47]=0.125247
		x[48]=0.130265
		x[49]=0.135283
		x[50]=0.1403
		x[51]=0.145318
		x[52]=0.150335
		x[53]=0.155353
		x[54]=0.16037
		x[55]=0.165388
		x[56]=0.170406
		x[57]=0.175423
		x[58]=0.180441
		x[59]=0.185458
		x[60]=0.190476
		x[61]=0.195494
		x[62]=0.200511
		x[63]=0.205529
		x[64]=0.210546
		x[65]=0.215564
		x[66]=0.220581
		x[67]=0.225599
		x[68]=0.230717
		x[69]=0.236092
		x[70]=0.241736
		x[71]=0.247664
		x[72]=0.253889
		x[73]=0.260426
		x[74]=0.267291
		x[75]=0.274501
		x[76]=0.282072
		x[77]=0.290024
		x[78]=0.298371
	Ny=32
		y[0]=-0.0827304
		y[1]=-0.0747593
		y[2]=-0.0671766
		y[3]=-0.0599613
		y[4]=-0.0530957
		y[5]=-0.0465629
		y[6]=-0.0403466
		y[7]=-0.0344315
		y[8]=-0.0288031
		y[9]=-0.0234474
		y[10]=-0.0183513
		y[11]=-0.0135022
		y[12]=-0.00888799
		y[13]=-0.00449742
		y[14]=-0.000252325
		y[15]=0.00399281
		y[16]=0.00823795
		y[17]=0.0124831
		y[18]=0.0167282
		y[19]=0.0209734
		y[20]=0.0253636
		y[21]=0.0299775
		y[22]=0.0348265
		y[23]=0.0399225
		y[24]=0.0452781
		y[25]=0.0509065
		y[26]=0.0568217
		y[27]=0.0630382
		y[28]=0.0695714
		y[29]=0.0764374
		y[30]=0.0836531
		y[31]=0.0912365
		y[32]=0.099204
	Nz=252
		z[0]=-0.0779719
		z[1]=-0.0688837
		z[2]=-0.060224
		z[3]=-0.0519706
		z[4]=-0.0441043
		z[5]=-0.0366071
		z[6]=-0.0294616
		z[7]=-0.0226514
		z[8]=-0.0161607
		z[9]=-0.00997445
		z[10]=-0.00407845
		z[11]=0.00154093
		z[12]=0.00689669
		z[13]=0.0120012
		z[14]=0.0172047
		z[15]=0.0224083
		z[16]=0.0276118
		z[17]=0.0328154
		z[18]=0.0380189
		z[19]=0.0432224
		z[20]=0.048426
		z[21]=0.0536295
		z[22]=0.0588331
		z[23]=0.0640366
		z[24]=0.0692401
		z[25]=0.0744437
		z[26]=0.0796472
		z[27]=0.0848508
		z[28]=0.0900543
		z[29]=0.0952578
		z[30]=0.100461
		z[31]=0.105665
		z[32]=0.110868
		z[33]=0.116072
		z[34]=0.121276
		z[35]=0.126479
		z[36]=0.131683
		z[37]=0.136886
		z[38]=0.14209
		z[39]=0.147293
		z[40]=0.152497
		z[41]=0.1577
		z[42]=0.162904
		z[43]=0.168107
		z[44]=0.173311
		z[45]=0.178514
		z[46]=0.183718
		z[47]=0.188922
		z[48]=0.194125
		z[49]=0.199329
		z[50]=0.204532
		z[51]=0.209736
		z[52]=0.214939
		z[53]=0.220143
		z[54]=0.225346
		z[55]=0.23055
		z[56]=0.235753
		z[57]=0.240957
		z[58]=0.24616
		z[59]=0.251364
		z[60]=0.256568
		z[61]=0.261771
		z[62]=0.266975
		z[63]=0.272178
		z[64]=0.277382
		z[65]=0.282585
		z[66]=0.287789
		z[67]=0.292992
		z[68]=0.298196
		z[69]=0.303399
		z[70]=0.308603
		z[71]=0.313807
		z[72]=0.31901
		z[73]=0.324214
		z[74]=0.329417
		z[75]=0.334621
		z[76]=0.339824
		z[77]=0.345028
		z[78]=0.350231
		z[79]=0.355435
		z[80]=0.360638
		z[81]=0.365842
		z[82]=0.371045
		z[83]=0.376249
		z[84]=0.381453
		z[85]=0.386656
		z[86]=0.39186
		z[87]=0.397063
		z[88]=0.402267
		z[89]=0.40747
		z[90]=0.412674
		z[91]=0.417877
		z[92]=0.423081
		z[93]=0.428284
		z[94]=0.433488
		z[95]=0.438691
		z[96]=0.443895
		z[97]=0.449099
		z[98]=0.454302
		z[99]=0.459506
		z[100]=0.464709
		z[101]=0.469913
		z[102]=0.475116
		z[103]=0.48032
		z[104]=0.485523
		z[105]=0.490727
		z[106]=0.49593
		z[107]=0.501134
		z[108]=0.506337
		z[109]=0.511541
		z[110]=0.516745
		z[111]=0.521948
		z[112]=0.527152
		z[113]=0.532355
		z[114]=0.537559
		z[115]=0.542762
		z[116]=0.547966
		z[117]=0.553169
		z[118]=0.558373
		z[119]=0.563576
		z[120]=0.56878
		z[121]=0.573983
		z[122]=0.579187
		z[123]=0.584391
		z[124]=0.589594
		z[125]=0.594798
		z[126]=0.600001
		z[127]=0.605205
		z[128]=0.610408
		z[129]=0.615612
		z[130]=0.620815
		z[131]=0.626019
		z[132]=0.631222
		z[133]=0.636426
		z[134]=0.64163
		z[135]=0.646833
		z[136]=0.652037
		z[137]=0.65724
		z[138]=0.662444
		z[139]=0.667647
		z[140]=0.672851
		z[141]=0.678054
		z[142]=0.683258
		z[143]=0.688461
		z[144]=0.693665
		z[145]=0.698868
		z[146]=0.704072
		z[147]=0.709276
		z[148]=0.714479
		z[149]=0.719683
		z[150]=0.724886
		z[151]=0.73009
		z[152]=0.735293
		z[153]=0.740497
		z[154]=0.7457
		z[155]=0.750904
		z[156]=0.756107
		z[157]=0.761311
		z[158]=0.766514
		z[159]=0.771718
		z[160]=0.776922
		z[161]=0.782125
		z[162]=0.787329
		z[163]=0.792532
		z[164]=0.797736
		z[165]=0.802939
		z[166]=0.808143
		z[167]=0.813346
		z[168]=0.81855
		z[169]=0.823753
		z[170]=0.828957
		z[171]=0.83416
		z[172]=0.839364
		z[173]=0.844568
		z[174]=0.849771
		z[175]=0.854975
		z[176]=0.860178
		z[177]=0.865382
		z[178]=0.870585
		z[179]=0.875789
		z[180]=0.880992
		z[181]=0.886196
		z[182]=0.891399
		z[183]=0.896603
		z[184]=0.901807
		z[185]=0.90701
		z[186]=0.912214
		z[187]=0.917417
		z[188]=0.922621
		z[189]=0.927824
		z[190]=0.933028
		z[191]=0.938231
		z[192]=0.943435
		z[193]=0.948638
		z[194]=0.953842
		z[195]=0.959045
		z[196]=0.964249
		z[197]=0.969453
		z[198]=0.974656
		z[199]=0.97986
		z[200]=0.985063
		z[201]=0.990267
		z[202]=0.99547
		z[203]=1.00067
		z[204]=1.00588
		z[205]=1.01108
		z[206]=1.01628
		z[207]=1.02149
		z[208]=1.02669
		z[209]=1.0319
		z[210]=1.0371
		z[211]=1.0423
		z[212]=1.04751
		z[213]=1.05271
		z[214]=1.05791
		z[215]=1.06312
		z[216]=1.06832
		z[217]=1.07352
		z[218]=1.07873
		z[219]=1.08393
		z[220]=1.08913
		z[221]=1.09434
		z[222]=1.09954
		z[223]=1.10474
		z[224]=1.10995
		z[225]=1.11515
		z[226]=1.12036
		z[227]=1.12556
		z[228]=1.13076
		z[229]=1.13597
		z[230]=1.14117
		z[231]=1.14637
		z[232]=1.15158
		z[233]=1.15678
		z[234]=1.16198
		z[235]=1.16719
		z[236]=1.17239
		z[237]=1.17759
		z[238]=1.1828
		z[239]=1.188
		z[240]=1.19311
		z[241]=1.19846
		z[242]=1.20408
		z[243]=1.20998
		z[244]=1.21616
		z[245]=1.22265
		z[246]=1.22946
		z[247]=1.23661
		z[248]=1.24411
		z[249]=1.25197
		z[250]=1.26023
		z[251]=1.26889
		z[252]=1.27797
End of base mesh info---------
Input_mesh_settings--------------------------------
Settings 0----------------
	Scope: GLOBAL
	Type:	------MESHER_SETTINGS----------
	RefAllCells           =0
	RefFluidCells         =0
	RefPartCells          =0
	RefSolidCells         =0
	l_SSFR(Capture crit)  =1
	l_curv(Curvature crit)=0
	l_tol(Tolerance crit) =0
	UseChannelRef         =1
	  NCR_method          =0
	  l_NCR               =1
	  N_gap               =5
	  Use d_NCR_min       =0
	  Use d_NCR_max       =0
	IgnoreThinChannelsHeight         =0
	--END_OF_MESHER_SETTINGS-------
End of input mesh settings-------------------------

-----------------------------------------------------------------------
Building geometries:
Building geometry Fluid.0.(0)...

-----------------------------------------------------------------------
Refining by triangulation...
Refinement input: 628992 bricks
Setting regions...OK (0.077 s)
Refinement result: 630644 bricks (0.318 s)
Refinement input: 630644 bricks
Refinement result: 630644 bricks (0.083 s)
Collecting and processing rays...OK (0.767 s)
Capturing...OK (0.083 s)
Refining by triangulation takes 1.268 s
-----------------------------------------------------------------------

-----------------------------------------------------------------------
Refining peculiar surfaces...
0 surfaces refined
Refining peculiar surfaces takes 0 s
-----------------------------------------------------------------------
Collecting and processing rays...OK (0.024 s)
Capturing...OK (0.011 s)
Collecting and processing rays...OK (0.022 s)
Capturing...OK (0.010 s)
Collecting and processing rays...OK (0.024 s)
Capturing...OK (0.011 s)

-----------------------------------------------------------------------
Base mesh 1 Refining...
Refinement input: 630644 bricks
Refinement result: 630644 bricks (0.068 s)
Collecting and processing rays...OK (0.032 s)
Capturing...OK (0.012 s)
-----------------------------------------------------------------------
Refining channels...
FYI: CNarrowChannelRefiner::RefineChannels_PRLL: m_submesh_count=8
FYI: m_iteration_count = 0
FYI: level1 statistics:
     level1_cnt_plus[1]=0;		level1_cnt_minus[1]=0
     level1_cnt_plus[2]=0;		level1_cnt_minus[2]=0
     level1_cnt_plus[3]=0;		level1_cnt_minus[3]=0
     level1_cnt_plus[4]=0;		level1_cnt_minus[4]=0
     level1_cnt_plus[5]=0;		level1_cnt_minus[5]=0
     level1_cnt_plus[6]=0;		level1_cnt_minus[6]=0
     level1_cnt_plus[7]=0;		level1_cnt_minus[7]=0
     level1_cnt_plus[8]=0;		level1_cnt_minus[8]=0
     level1_cnt_plus[9]=0;		level1_cnt_minus[9]=0
FYI: level1 statistics:
     level1_cnt_plus[1]=0;		level1_cnt_minus[1]=0
     level1_cnt_plus[2]=0;		level1_cnt_minus[2]=0
     level1_cnt_plus[3]=0;		level1_cnt_minus[3]=0
     level1_cnt_plus[4]=0;		level1_cnt_minus[4]=0
     level1_cnt_plus[5]=0;		level1_cnt_minus[5]=0
     level1_cnt_plus[6]=0;		level1_cnt_minus[6]=0
     level1_cnt_plus[7]=0;		level1_cnt_minus[7]=0
     level1_cnt_plus[8]=0;		level1_cnt_minus[8]=0
     level1_cnt_plus[9]=0;		level1_cnt_minus[9]=0

-----------------------------------------------------------------------
U-shapes refinement...
Refinement input: 630644 bricks
Setting regions...OK (0.076 s)
Refinement result: 633864 bricks (0.388 s)
Collecting and processing rays...OK (0.045 s)
Capturing...OK (0.016 s)
-----------------------------------------------------------------------

-----------------------------------------------------------------------
Equi Distant Refiner:
Equi Distant Refiner takes 0.00 s
-----------------------------------------------------------------------
Building geometry takes 2.489 s
Geometry Fluid.0.
Total		633864
Partial	25048
Fluid		581214
Solid		27140
Bad		462

/-Ray Intersection---------------/ Time	0.504 s
Calls			34208
CorrectRay Calls	0


Building geometries takes 2.508 s
-----------------------------------------------------------------------

-----------------------------------------------------------------------
PostBuilding geometries:
PostBuilding geometries takes 0.025 s
-----------------------------------------------------------------------
Defect ray count	0
FYI: CNarrowChannelRefiner::RedistributeLevel1_step_1: is finished
FYI: level1 statistics:
     level1_cnt_plus[1]=0;		level1_cnt_minus[1]=0
     level1_cnt_plus[2]=0;		level1_cnt_minus[2]=0
     level1_cnt_plus[3]=0;		level1_cnt_minus[3]=0
     level1_cnt_plus[4]=0;		level1_cnt_minus[4]=0
     level1_cnt_plus[5]=0;		level1_cnt_minus[5]=0
     level1_cnt_plus[6]=0;		level1_cnt_minus[6]=0
     level1_cnt_plus[7]=0;		level1_cnt_minus[7]=0
     level1_cnt_plus[8]=0;		level1_cnt_minus[8]=0
     level1_cnt_plus[9]=0;		level1_cnt_minus[9]=0
FYI: CNarrowChannelRefiner::RedistributeLevel1_step_2: is started
FYI: CNarrowChannelRefiner::RedistributeLevel1_step_2: is finished
FYI: level1 statistics:
     level1_cnt_plus[1]=0;		level1_cnt_minus[1]=0
     level1_cnt_plus[2]=0;		level1_cnt_minus[2]=0
     level1_cnt_plus[3]=0;		level1_cnt_minus[3]=0
     level1_cnt_plus[4]=0;		level1_cnt_minus[4]=0
     level1_cnt_plus[5]=0;		level1_cnt_minus[5]=0
     level1_cnt_plus[6]=0;		level1_cnt_minus[6]=0
     level1_cnt_plus[7]=0;		level1_cnt_minus[7]=0
     level1_cnt_plus[8]=0;		level1_cnt_minus[8]=0
     level1_cnt_plus[9]=0;		level1_cnt_minus[9]=0
FYI: CNarrowChannelRefiner::RedistributeLevel1_step_3: is started
FYI: CNarrowChannelRefiner::RedistributeLevel1_step_3: is finished
RedistributeLevel1 takes:
FYI: level1 statistics:
     level1_cnt_plus[1]=0;		level1_cnt_minus[1]=0
     level1_cnt_plus[2]=0;		level1_cnt_minus[2]=0
     level1_cnt_plus[3]=0;		level1_cnt_minus[3]=0
     level1_cnt_plus[4]=0;		level1_cnt_minus[4]=0
     level1_cnt_plus[5]=0;		level1_cnt_minus[5]=0
     level1_cnt_plus[6]=0;		level1_cnt_minus[6]=0
     level1_cnt_plus[7]=0;		level1_cnt_minus[7]=0
     level1_cnt_plus[8]=0;		level1_cnt_minus[8]=0
     level1_cnt_plus[9]=0;		level1_cnt_minus[9]=0
-----------------------------------------------------------------------
BCF-Builder Iteration: 0
Memory Working Set Current = 201.32 Mb, Memory Working Set Peak = 223.68 Mb
Process Threads Number: 21
Loading geometries triangulation & x-stacks...OK
x-stacks size = 1.09 Mb
	Sub-mesh 0:
		Total  brick(s) 81570
		Native brick(s) 79065
		Inner  brick(s) 76560
		Outer  brick(s) 2505
		Ghost  brick(s) 2505
	Sub-mesh 1:
		Total  brick(s) 84306
		Native brick(s) 79296
		Inner  brick(s) 74286
		Outer  brick(s) 5010
		Ghost  brick(s) 5010
	Sub-mesh 2:
		Total  brick(s) 84285
		Native brick(s) 79275
		Inner  brick(s) 74265
		Outer  brick(s) 5010
		Ghost  brick(s) 5010
	Sub-mesh 3:
		Total  brick(s) 84306
		Native brick(s) 79296
		Inner  brick(s) 74286
		Outer  brick(s) 5010
		Ghost  brick(s) 5010
	Sub-mesh 4:
		Total  brick(s) 84285
		Native brick(s) 79275
		Inner  brick(s) 74265
		Outer  brick(s) 5010
		Ghost  brick(s) 5010
	Sub-mesh 5:
		Total  brick(s) 84306
		Native brick(s) 79296
		Inner  brick(s) 74286
		Outer  brick(s) 5010
		Ghost  brick(s) 5010
	Sub-mesh 6:
		Total  brick(s) 84285
		Native brick(s) 79275
		Inner  brick(s) 74265
		Outer  brick(s) 5010
		Ghost  brick(s) 5010
	Sub-mesh 7:
		Total  brick(s) 81591
		Native brick(s) 79086
		Inner  brick(s) 76581
		Outer  brick(s) 2505
		Ghost  brick(s) 2505
	Total brick(s) 633864

-----------------------------------------------------------------------
MSH (Real Geometry) format constructor:
Getting submesh brick sets...OK (0.052 s)
Level 1
	Inner time 0.378 s
	Outer Time 0.037 s
	Level Time 0.415 s
Level 0
	Inner time 0.772 s
	Outer Time 0.101 s
	Level Time 0.874 s

Brick parser time info:
	6.574 s - time_Run
		0.355 s - time_ConstructPoints
			0.222 s - time_ConstructPointsAddFind2
		0.288 s - time_ConstructPointsAndConnectsFromNb
		0.124 s - time_AddRibConnects
		0.689 s - time_ConstructBrickFacets
			0.255 s - time_GetPointsFaceSegments
			0.190 s - time_CalculateQpoints
				0.055 s - time_AddFacetPoint_GetFacesQpoint
					0.046 s - time_GetFacesQpoint_UShaped
						0.046 s - time_GetFacesQpoint2
					0.000 s - time_GetFacesQpoint_AddEdgesToList
					0.008 s - time_Edge_GetClosestPointOn
					0.000 s - time_Edge_NewtonMethod
					0.000 s - time_GetFacesQpoint_ManyFinds
				0.044 s - time_AddFacetPoint_AddQPoint
					0.042 s - time_PointReverseEvaluate
				0.000 s - time_AddFacetPoint_AddFind2
		0.000 s - time_RemoveOddConnects
		0.199 s - time_TestConnectivity
		0.007 s - time_ValidateXeps
		0.403 s - time_ConstructFaceAs
		0.051 s - time_ConstructCvs
		0.044 s - time_ConstructFaceWs
		0.026 s - time_RealGeomAddQPoints
		0.055 s - time_RealGeomAddNewFaces
		0.001 s - time_RealGeomInitOppositeGeomFaceInd
		0.063 s - time_RealGeomApproxCurveFaces
		0.000 s - time_Enum1
		0.000 s - time_Enum2
		0.022 s - time_RealGeomCheckInvalidConnects
		2.050 s - time_RealGeomParameters
			0.298 s - time_CalculateParametersOfCv
			1.614 s - time_CalculateParametersOfFace
				0.481 s - time_CalculateRR
				1.104 s - time_CalculateRefFaceData
				0.007 s - time_CalculateLambdaProjection
			0.119 s - time_SetFacesOrientation
Result:
	Bricks number:                        633864

	Memory usage:                         17.429 MB
	Memory usage (per brick):             0.028 KB
	Construction time:                    1.641 s

	Topology features:
	------------------
	- High quality bricks                 100.00 % (633864)
	- Medium quality bricks                 0.00 % (0)
	- Bad quality bricks                    0.00 % (0)
	- Ribs corrected bricks                 0.00 % (0)
	- Points with geom-info (bricks)        0.00 % (0)
	- Points with closest-info (bricks)     0.00 % (0)
	- Triangulated by center (bricks)       0.00 % (3)
	- Facet w-faces mergings (bricks)       0.00 % (0)
	- To refine (bricks)                    0.00 % (0)

Memory Working Set Current = 234.63 Mb, Memory Working Set Peak = 245.82 Mb
Process Threads Number: 21
-----------------------------------------------------------------------
-----------------------------------------------------------------------
MSH --> BCF format (Iteration 0)...
BCF collector...(remove mode=0)
	(0) Bcf collect time 1.076 s (84320 avs, 2908 fws)
	(7) Bcf collect time 1.073 s (84378 avs, 2945 fws)
	(1) Bcf collect time 1.190 s (88287 avs, 4047 fws)
	(5) Bcf collect time 1.217 s (88287 avs, 4047 fws)
	(4) Bcf collect time 1.219 s (88229 avs, 4008 fws)
	(2) Bcf collect time 1.221 s (88229 avs, 4008 fws)
	(6) Bcf collect time 1.240 s (88229 avs, 4008 fws)
	(3) Bcf collect time 1.272 s (88287 avs, 4047 fws)
	(2) Remove defect avs time 0.516 s
	(3) Remove defect avs time 0.517 s
	(5) Remove defect avs time 0.518 s
	(0) Remove defect avs time 0.518 s
	(4) Remove defect avs time 0.518 s
	(7) Remove defect avs time 0.519 s
	(6) Remove defect avs time 0.520 s
	(1) Remove defect avs time 0.520 s
Defect subdomain detector...
		1 subdomain(s) of gi=0 (real bodies = 1).
			Subdomain 0: 608104 av
		Get real subdoms time 0.000 s
		Mark defect subdomains by closed av...
		Mark by closed av time 0.057 s
		Mark defect subdomains by real bodies...
		0 defect subdomain(s) of gi=0.
		1 subdomain(s) of gi=1 (real bodies = 0).
			Subdomain 0: 53574 av
		Get real subdoms time 0.000 s
		0 defect subdomain(s) of gi=1.
	(7) Remove defect subdoms time 0.209 s
	(4) Remove defect subdoms time 0.209 s
	(0) Remove defect subdoms time 0.209 s
	(1) Remove defect subdoms time 0.209 s
	(3) Remove defect subdoms time 0.209 s
	(2) Remove defect subdoms time 0.209 s
	(6) Remove defect subdoms time 0.209 s
	(5) Remove defect subdoms time 0.209 s
NB-faces collector & conservator...
Sub-mesh 0.
	Conservated total=0 (bb-faces=0)
Sub-mesh 1.
	Conservated total=0 (bb-faces=0)
Sub-mesh 2.
	Conservated total=0 (bb-faces=0)
Sub-mesh 3.
	Conservated total=0 (bb-faces=0)
Sub-mesh 4.
	Conservated total=0 (bb-faces=0)
Sub-mesh 5.
	Conservated total=0 (bb-faces=0)
Sub-mesh 6.
	Conservated total=0 (bb-faces=0)
Sub-mesh 7.
	Conservated total=0 (bb-faces=0)
	(6) Bcf calc time 0.090 s
	(5) Bcf calc time 0.091 s
	(3) Bcf calc time 0.091 s
	(4) Bcf calc time 0.094 s
	(2) Bcf calc time 0.095 s
	(1) Bcf calc time 0.096 s
	(7) Bcf calc time 0.208 s
	(0) Bcf calc time 0.209 s
-----------------------------------------------------------------------
FACE_W optimizer ...
	Before optimization total=130622 (fs=30018, ff=0, ss=0)
	After  optimization total=130620 (fs=30016, ff=0, ss=0, failed fw/br=0/0, big_curv=480, big_poly=0)
	Result of optimization   =2 (res/(fs+ff+ss) = 0.01 %)
-----------------------------------------------------------------------
-----------------------------------------------------------------------
Merging BCF...
Merging bricks trees...OK (0.42 s)
Merging av data...OK (0.21 s)
Merging a-faces data (fluid)...
	New a-face count   1783434
	Bound a-face count 16838 (0.94 %)
Merging a-faces data takes 0.27 s
Merging a-faces data (solid)...
	New a-face count   146590
	Bound a-face count 1582 (1.08 %)
Merging a-faces data takes 0.03 s
Merging w-faces data...
	New w-face count   88936
	Bound w-face count 0 (0.00 %)
	Need fw-nb         9248 (10.40 %)
Merging w-faces data takes 0.10 s
Merging BCF takes (1.30 s)
-----------------------------------------------------------------------

-----------------------------------------------------------------------
Geometrical diagonal nb-faces collector (cpu_num=8)...
	Time=0.204s.
-----------------------------------------------------------------------
Fluid Subdom Constructor: 1 subdom(s).
	Remove nb-fw from diff subdomains (fs)...
		Diff subdomains cases         0
-----------------------------------------------------------------------
Mega-cv constructor for fluid...
	 0 av's is treated as thin
Relative size generator (threshold = 0.05)...OK
	 3450 mega-cv's generated
	 0 mega-cv's removed
Convert clusters:
	 3450 mega-cv's total
Mega-cv count: 3450
-----------------------------------------------------------------------
Mixing plane rotation regions: NO.
Sliding mesh rotation regions: NO.
Fluid/fluid faces: NO.
----------------------------------------------------------
BCF --> BCF.GEOMSUBDOM (bridge arrays) (cpu_num=8):
MESH (0):
	Fluid Subdom Constructor: 1 subdom(s).
	Solid Subdom Constructor: 1 subdom(s).
	Net Asm Subdom Constructor: 0 subdom(s).
	GEOMSUBDOM (0): gi=0 fluid av=608104 cv=604654 fa=1783434 fb=0 fw=88936 V=1.014281e-01
	GEOMSUBDOM (1): gi=1 solid av=53574 cv=53574 fa=146590 fb=0 fw=28504 V=4.239763e-03
	Setting nb of w-faces...OK (0.055 s).
	Correcting nb of w-faces...
	Time(correct_fw_nb)=0.040 s

MESH (0) checking:
	GEOMSUBDOM (0):fa_s=53.9314084571739727 fb_s=0.0000000000000000 fw_s=2.3523894897798243 fw_nb=711102
	              :d_const(7419)=1.38276e-11 d_linear(7419)=3.35818e-11
	GEOMSUBDOM (1):fa_s=2.6774704499229043 fb_s=0.0000000000000000 fw_s=0.5415414370891314 fw_nb=227670
	              :d_const(49883)=9.86824e-11 d_linear(6)=1.9793e-10
MESH (0) checking: OK.
Time(MDS)=1.831 s
----------------------------------------------------------

-----------------------------------------------------------------------
BCF CHECKSUM DATA (Mesh 0):

BRICK |Level1| Sum:               0
FACE_A Area Sum:   G.Fluid        53.9314084571738590
FACE_A Area Sum:   G.Solid        2.6774704499229087
FACE_W Area Sum:                  2.3523894897798248
FACE_W Nb   Sum:                  711102
FACE_W min curvatures sum:        -81160.05812973
FACE_W max curvatures sum:        306578.23645902
AV Max Disbalance(Const) :        9.86824e-11 (cid=607600, t={44, 30, 482}, avid=661539, pid=26295)
AV Max Disbalance(Linear):        1.9793e-10 (cid=26173, t={44, 30, 20}, avid=608187, pid=83)
-----------------------------------------------------------------------


-----------------------------------------------------------------------
MESHER TOPOLOGY DATA (Mesh 0):

BRICKS: Total                 633864
BRICKS: 1-CV                  607430
BRICKS: 2-CV                  25054
BRICKS: 3-CV                  1380
BRICKS: Bad                   0

AV:     G.Total               661678
AV:     G.Fluid               608104
AV:     G.Solid               53574

AV:     G.Fluid Thin Profile    0.00 % (0)
AV:     G.Solid Thin Profile    2.58 % (1380)

AV:     G.Fluid Thin For Mega   0.00 % (0)
AV:     G.Solid Thin For Mega   2.58 % (1380)

AV:     G.Fluid Non-Convex      0.11 % (668)
AV:     G.Solid Non-Convex      0.01 % (4)

FACE_A: G.Fluid          (af) 1783434 (partially opened 55886)
FACE_A: G.Solid          (as) 146590 (partially opened 53583)

FACE_B: G.Total          (b)  0

FACE_W: G.Total                 88936       Brick/Bound
FACE_W: G.Fluid/Solid    (fs_g) 28504       0           
FACE_W: G.Fluid/Fluid    (ff_g) 0           0           
FACE_W: G.Solid/Solid    (ss_g) 0           0           
FACE_W: G.Fluid/External (fe_g) 60432
FACE_W: G.Solid/External (se_g) 0

AV/CV max fa count (on brick side):4
AV/CV max fw count:                4
AV/CV max fb count:                0
AV/CV max fw poly count:           8

MEMORY: Total                   211.639 MB
MEMORY: Per Brick               0.342 KB
-----------------------------------------------------------------------

-----------------------------------------------------------------------
Connectivities information:
	Number of conns: 0
-----------------------------------------------------------------------
-----------------------------------------------------------------------
Calculating curvature and tolerance criteria...
Curvature: min=0 max=3.02536
Tolerance: min=0 max=0.0020025
Calculating curvature and tolerance criteria takes 0.095 s
-----------------------------------------------------------------------
Current CPU = 13 sec

Nx=78
Ny=32
Nz=252
Max BRICK Level=1
Mesh Level=1
-----------------CModelBodies2MeshMapper::CollectData started -------------------------------
-----------------CModelBodies2MeshMapper Report -------------------------------
FluidDomains 1 SolidDomains 1 VoidDomains 0 
Domains RefIndexes
Domain 0, Index count 3
Domain 1, Index count 3
----------------- -------------------------------
	ModelBodies
Total resolved Bodies 0 BodySets 0

--------------------------------------------------------------------------
	Positive geometry Bodies
Total resolved Bodies 1 BodySets 1
BodySet 0
	Bodies list:
			#0	Name: ;	ID: 8d4504f9-4ee0-4b3e-a8f9-3ac32332b748
	Domains list:		 0 

--------------------------------------------------------------------------
	Fluid regions
Total resolved Bodies 1 BodySets 1
BodySet 0	Material: Air; 
	Bodies list:
			#0	Name: ;	ID: 8d4504f9-4ee0-4b3e-a8f9-3ac32332b748
	Domains list:		 0 

--------------------------------------------------------------------------
-----------------CModelBodies2MeshMapper::CollectData finished successfully-------------------
Saving initial mesh in: C:\Users\zarec\Documents\haggisAero-2020\CAD\Wing\1\1.fld .
Storing results...
Estimated CPT size=79.782 MB.
OK
Memory Working Set Current = 573.54 Mb, Memory Working Set Peak = 674.25 Mb
Process Threads Number: 21
Cleaning memory...
Free Geometry DB takes 0.000 s
Copying... OK

------------------------------------------------------------------------------------------------------------
CPU report:
Function                                             CPU           descriptor                    nproc     
------------------------------------------------------------------------------------------------------------
------------------------------------------------------------------------------------------------------------

Mesh generation normally finished at	16.1.2021	12:39:51
Mesher CPU = 16 sec
Mesher is finished at	16.1.2021	12:39:51
Algebra Pool      : mem_usage = 12.19 Mb, allocated count = 0
Free Geometry DB takes 0.000 s
Log ended at 16.01.2021	12:39:51
